[1.817s] DEBUG:colcon:Command line arguments: ['/usr/bin/colcon', 'build']
[1.817s] DEBUG:colcon:Parsed command line arguments: Namespace(log_base=None, log_level=None, verb_name='build', build_base='build', install_base='install', merge_install=False, symlink_install=False, test_result_base=None, continue_on_error=False, executor='parallel', parallel_workers=4, event_handlers=None, ignore_user_meta=False, metas=['./colcon.meta'], base_paths=['.'], packages_ignore=None, packages_ignore_regex=None, paths=None, packages_up_to=None, packages_up_to_regex=None, packages_above=None, packages_above_and_dependencies=None, packages_above_depth=None, packages_select_by_dep=None, packages_skip_by_dep=None, packages_skip_up_to=None, packages_select_build_failed=False, packages_skip_build_finished=False, packages_select_test_failures=False, packages_skip_test_passed=False, packages_select=None, packages_skip=None, packages_select_regex=None, packages_skip_regex=None, packages_start=None, packages_end=None, allow_overriding=[], cmake_args=None, cmake_target=None, cmake_target_skip_unavailable=False, cmake_clean_cache=False, cmake_clean_first=False, cmake_force_configure=False, ament_cmake_args=None, catkin_cmake_args=None, catkin_skip_building_tests=False, mixin_files=None, mixin=None, verb_parser=<colcon_mixin.mixin.mixin_argument.MixinArgumentDecorator object at 0x7488c1bdbf10>, verb_extension=<colcon_core.verb.build.BuildVerb object at 0x7488c19017b0>, main=<bound method BuildVerb.main of <colcon_core.verb.build.BuildVerb object at 0x7488c19017b0>>, mixin_verb=('build',))
[1.902s] Level 1:colcon.colcon_core.package_discovery:discover_packages(colcon_meta) check parameters
[1.902s] Level 1:colcon.colcon_core.package_discovery:discover_packages(recursive) check parameters
[1.903s] Level 1:colcon.colcon_core.package_discovery:discover_packages(ignore) check parameters
[1.903s] Level 1:colcon.colcon_core.package_discovery:discover_packages(path) check parameters
[1.903s] Level 1:colcon.colcon_core.package_discovery:discover_packages(colcon_meta) discover
[1.903s] Level 1:colcon.colcon_core.package_discovery:discover_packages(recursive) discover
[1.903s] INFO:colcon.colcon_core.package_discovery:Crawling recursively for packages in '/home/klay/robot_workspace'
[1.903s] Level 1:colcon.colcon_core.package_identification:_identify(.) by extensions ['ignore', 'ignore_ament_install']
[1.903s] Level 1:colcon.colcon_core.package_identification:_identify(.) by extension 'ignore'
[1.903s] Level 1:colcon.colcon_core.package_identification:_identify(.) by extension 'ignore_ament_install'
[1.903s] Level 1:colcon.colcon_core.package_identification:_identify(.) by extensions ['colcon_pkg']
[1.903s] Level 1:colcon.colcon_core.package_identification:_identify(.) by extension 'colcon_pkg'
[1.903s] Level 1:colcon.colcon_core.package_identification:_identify(.) by extensions ['colcon_meta']
[1.903s] Level 1:colcon.colcon_core.package_identification:_identify(.) by extension 'colcon_meta'
[1.903s] Level 1:colcon.colcon_core.package_identification:_identify(.) by extensions ['ros']
[1.903s] Level 1:colcon.colcon_core.package_identification:_identify(.) by extension 'ros'
[1.919s] Level 1:colcon.colcon_core.package_identification:_identify(.) by extensions ['cmake', 'python']
[1.919s] Level 1:colcon.colcon_core.package_identification:_identify(.) by extension 'cmake'
[1.919s] Level 1:colcon.colcon_core.package_identification:_identify(.) by extension 'python'
[1.919s] Level 1:colcon.colcon_core.package_identification:_identify(.) by extensions ['python_setup_py']
[1.919s] Level 1:colcon.colcon_core.package_identification:_identify(.) by extension 'python_setup_py'
[1.920s] Level 1:colcon.colcon_core.package_identification:_identify(build) by extensions ['ignore', 'ignore_ament_install']
[1.920s] Level 1:colcon.colcon_core.package_identification:_identify(build) by extension 'ignore'
[1.920s] Level 1:colcon.colcon_core.package_identification:_identify(build) ignored
[1.920s] Level 1:colcon.colcon_core.package_identification:_identify(install) by extensions ['ignore', 'ignore_ament_install']
[1.920s] Level 1:colcon.colcon_core.package_identification:_identify(install) by extension 'ignore'
[1.920s] Level 1:colcon.colcon_core.package_identification:_identify(install) ignored
[1.920s] Level 1:colcon.colcon_core.package_identification:_identify(log) by extensions ['ignore', 'ignore_ament_install']
[1.920s] Level 1:colcon.colcon_core.package_identification:_identify(log) by extension 'ignore'
[1.920s] Level 1:colcon.colcon_core.package_identification:_identify(log) ignored
[1.921s] Level 1:colcon.colcon_core.package_identification:_identify(src) by extensions ['ignore', 'ignore_ament_install']
[1.921s] Level 1:colcon.colcon_core.package_identification:_identify(src) by extension 'ignore'
[1.921s] Level 1:colcon.colcon_core.package_identification:_identify(src) by extension 'ignore_ament_install'
[1.921s] Level 1:colcon.colcon_core.package_identification:_identify(src) by extensions ['colcon_pkg']
[1.921s] Level 1:colcon.colcon_core.package_identification:_identify(src) by extension 'colcon_pkg'
[1.921s] Level 1:colcon.colcon_core.package_identification:_identify(src) by extensions ['colcon_meta']
[1.921s] Level 1:colcon.colcon_core.package_identification:_identify(src) by extension 'colcon_meta'
[1.921s] Level 1:colcon.colcon_core.package_identification:_identify(src) by extensions ['ros']
[1.921s] Level 1:colcon.colcon_core.package_identification:_identify(src) by extension 'ros'
[1.921s] Level 1:colcon.colcon_core.package_identification:_identify(src) by extensions ['cmake', 'python']
[1.921s] Level 1:colcon.colcon_core.package_identification:_identify(src) by extension 'cmake'
[1.921s] Level 1:colcon.colcon_core.package_identification:_identify(src) by extension 'python'
[1.921s] Level 1:colcon.colcon_core.package_identification:_identify(src) by extensions ['python_setup_py']
[1.921s] Level 1:colcon.colcon_core.package_identification:_identify(src) by extension 'python_setup_py'
[1.921s] Level 1:colcon.colcon_core.package_identification:_identify(src/panda_data) by extensions ['ignore', 'ignore_ament_install']
[1.921s] Level 1:colcon.colcon_core.package_identification:_identify(src/panda_data) by extension 'ignore'
[1.921s] Level 1:colcon.colcon_core.package_identification:_identify(src/panda_data) by extension 'ignore_ament_install'
[1.921s] Level 1:colcon.colcon_core.package_identification:_identify(src/panda_data) by extensions ['colcon_pkg']
[1.921s] Level 1:colcon.colcon_core.package_identification:_identify(src/panda_data) by extension 'colcon_pkg'
[1.922s] Level 1:colcon.colcon_core.package_identification:_identify(src/panda_data) by extensions ['colcon_meta']
[1.922s] Level 1:colcon.colcon_core.package_identification:_identify(src/panda_data) by extension 'colcon_meta'
[1.922s] Level 1:colcon.colcon_core.package_identification:_identify(src/panda_data) by extensions ['ros']
[1.922s] Level 1:colcon.colcon_core.package_identification:_identify(src/panda_data) by extension 'ros'
[1.926s] DEBUG:colcon.colcon_core.package_identification:Package 'src/panda_data' with type 'ros.ament_cmake' and name 'panda_data'
[1.926s] Level 1:colcon.colcon_core.package_discovery:discover_packages(recursive) using defaults
[1.926s] Level 1:colcon.colcon_core.package_discovery:discover_packages(ignore) discover
[1.926s] Level 1:colcon.colcon_core.package_discovery:discover_packages(ignore) using defaults
[1.926s] Level 1:colcon.colcon_core.package_discovery:discover_packages(path) discover
[1.926s] Level 1:colcon.colcon_core.package_discovery:discover_packages(path) using defaults
[2.066s] Level 1:colcon.colcon_core.package_discovery:discover_packages(prefix_path) check parameters
[2.066s] Level 1:colcon.colcon_core.package_discovery:discover_packages(prefix_path) discover
[2.119s] DEBUG:colcon.colcon_installed_package_information.package_discovery:Found 1 installed packages in /home/klay/robot_workspace/install
[2.137s] DEBUG:colcon.colcon_installed_package_information.package_discovery:Found 2 installed packages in /home/klay/workflow_test/install
[2.154s] DEBUG:colcon.colcon_installed_package_information.package_discovery:Found 2 installed packages in /home/klay/robo_test/install
[2.174s] DEBUG:colcon.colcon_installed_package_information.package_discovery:Found 3 installed packages in /home/klay/robot_ws/install
[2.193s] DEBUG:colcon.colcon_installed_package_information.package_discovery:Found 71 installed packages in /home/klay/ws_moveit/install
[2.214s] DEBUG:colcon.colcon_installed_package_information.package_discovery:Found 372 installed packages in /opt/ros/iron
[2.215s] Level 1:colcon.colcon_core.package_discovery:discover_packages(prefix_path) using defaults
[2.401s] Level 5:colcon.colcon_core.verb:set package 'panda_data' build argument 'cmake_args' from command line to 'None'
[2.401s] Level 5:colcon.colcon_core.verb:set package 'panda_data' build argument 'cmake_target' from command line to 'None'
[2.402s] Level 5:colcon.colcon_core.verb:set package 'panda_data' build argument 'cmake_target_skip_unavailable' from command line to 'False'
[2.402s] Level 5:colcon.colcon_core.verb:set package 'panda_data' build argument 'cmake_clean_cache' from command line to 'False'
[2.402s] Level 5:colcon.colcon_core.verb:set package 'panda_data' build argument 'cmake_clean_first' from command line to 'False'
[2.402s] Level 5:colcon.colcon_core.verb:set package 'panda_data' build argument 'cmake_force_configure' from command line to 'False'
[2.402s] Level 5:colcon.colcon_core.verb:set package 'panda_data' build argument 'ament_cmake_args' from command line to 'None'
[2.402s] Level 5:colcon.colcon_core.verb:set package 'panda_data' build argument 'catkin_cmake_args' from command line to 'None'
[2.402s] Level 5:colcon.colcon_core.verb:set package 'panda_data' build argument 'catkin_skip_building_tests' from command line to 'False'
[2.402s] DEBUG:colcon.colcon_core.verb:Building package 'panda_data' with the following arguments: {'ament_cmake_args': None, 'build_base': '/home/klay/robot_workspace/build/panda_data', 'catkin_cmake_args': None, 'catkin_skip_building_tests': False, 'cmake_args': None, 'cmake_clean_cache': False, 'cmake_clean_first': False, 'cmake_force_configure': False, 'cmake_target': None, 'cmake_target_skip_unavailable': False, 'install_base': '/home/klay/robot_workspace/install/panda_data', 'merge_install': False, 'path': '/home/klay/robot_workspace/src/panda_data', 'symlink_install': False, 'test_result_base': None}
[2.419s] INFO:colcon.colcon_core.executor:Executing jobs using 'parallel' executor
[2.438s] DEBUG:colcon.colcon_parallel_executor.executor.parallel:run_until_complete
[2.438s] INFO:colcon.colcon_ros.task.ament_cmake.build:Building ROS package in '/home/klay/robot_workspace/src/panda_data' with build type 'ament_cmake'
[2.438s] INFO:colcon.colcon_cmake.task.cmake.build:Building CMake package in '/home/klay/robot_workspace/src/panda_data'
[2.463s] INFO:colcon.colcon_core.plugin_system:Skipping extension 'colcon_core.shell.bat': Not used on non-Windows systems
[2.463s] INFO:colcon.colcon_core.shell:Skip shell extension 'powershell' for command environment: Not usable outside of PowerShell
[2.463s] DEBUG:colcon.colcon_core.shell:Skip shell extension 'dsv' for command environment
[2.606s] DEBUG:colcon.colcon_core.event_handler.log_command:Invoking command in '/home/klay/robot_workspace/build/panda_data': CMAKE_PREFIX_PATH=/home/klay/robot_workspace/install/panda_data:/home/klay/robo_test/install/panda_robot:/home/klay/robo_test/install/gazebo_ros2_control:/home/klay/ws_moveit/install/robotiq_hardware_tests:/home/klay/ws_moveit/install/robotiq_driver:/home/klay/ws_moveit/install/serial:/home/klay/ws_moveit/install/moveit2_tutorials:/home/klay/ws_moveit/install/hello_moveit:/home/klay/ws_moveit/install/moveit_visual_tools:/home/klay/ws_moveit/install/rviz_visual_tools:/home/klay/ws_moveit/install/moveit_task_constructor_visualization:/home/klay/ws_moveit/install/moveit_task_constructor_demo:/home/klay/ws_moveit/install/moveit_task_constructor_capabilities:/home/klay/ws_moveit/install/moveit_task_constructor_core:/home/klay/ws_moveit/install/rviz_marker_tools:/home/klay/ws_moveit/install/kortex_bringup:/home/klay/ws_moveit/install/kinova_gen3_7dof_robotiq_2f_85_moveit_config:/home/klay/ws_moveit/install/kinova_gen3_6dof_robotiq_2f_85_moveit_config:/home/klay/ws_moveit/install/kortex_description:/home/klay/ws_moveit/install/robotiq_description:/home/klay/ws_moveit/install/robotiq_controllers:/home/klay/ws_moveit/install/pilz_industrial_motion_planner_testutils:/home/klay/ws_moveit/install/panda_moveit_config:/home/klay/ws_moveit/install/moveit_runtime:/home/klay/ws_moveit/install/moveit:/home/klay/ws_moveit/install/moveit_planners:/home/klay/ws_moveit/install/pilz_industrial_motion_planner:/home/klay/ws_moveit/install/pick_ik:/home/klay/ws_moveit/install/moveit_task_constructor_msgs:/home/klay/ws_moveit/install/moveit_ros_control_interface:/home/klay/ws_moveit/install/moveit_plugins:/home/klay/ws_moveit/install/moveit_simple_controller_manager:/home/klay/ws_moveit/install/moveit_setup_assistant:/home/klay/ws_moveit/install/moveit_setup_srdf_plugins:/home/klay/ws_moveit/install/moveit_setup_core_plugins:/home/klay/ws_moveit/install/moveit_setup_controllers:/home/klay/ws_moveit/install/moveit_setup_app_plugins:/home/klay/ws_moveit/install/moveit_setup_framework:/home/klay/ws_moveit/install/moveit_servo:/home/klay/ws_moveit/install/moveit_ros:/home/klay/ws_moveit/install/moveit_ros_visualization:/home/klay/ws_moveit/install/moveit_py:/home/klay/ws_moveit/install/moveit_hybrid_planning:/home/klay/ws_moveit/install/moveit_ros_planning_interface:/home/klay/ws_moveit/install/moveit_ros_benchmarks:/home/klay/ws_moveit/install/moveit_ros_warehouse:/home/klay/ws_moveit/install/moveit_ros_robot_interaction:/home/klay/ws_moveit/install/moveit_ros_perception:/home/klay/ws_moveit/install/moveit_resources_prbt_pg70_support:/home/klay/ws_moveit/install/moveit_resources_prbt_moveit_config:/home/klay/ws_moveit/install/moveit_ros_move_group:/home/klay/ws_moveit/install/moveit_planners_ompl:/home/klay/ws_moveit/install/moveit_kinematics:/home/klay/ws_moveit/install/moveit_ros_planning:/home/klay/ws_moveit/install/moveit_ros_occupancy_map_monitor:/home/klay/ws_moveit/install/moveit_resources_prbt_support:/home/klay/ws_moveit/install/moveit_resources_prbt_ikfast_manipulator_plugin:/home/klay/ws_moveit/install/moveit_resources:/home/klay/ws_moveit/install/moveit_resources_pr2_description:/home/klay/ws_moveit/install/moveit_resources_panda_moveit_config:/home/klay/ws_moveit/install/dual_arm_panda_moveit_config:/home/klay/ws_moveit/install/moveit_resources_panda_description:/home/klay/ws_moveit/install/moveit_resources_fanuc_moveit_config:/home/klay/ws_moveit/install/moveit_resources_fanuc_description:/home/klay/ws_moveit/install/moveit_planners_stomp:/home/klay/ws_moveit/install/moveit_planners_chomp:/home/klay/ws_moveit/install/chomp_motion_planner:/home/klay/ws_moveit/install/moveit_core:/home/klay/ws_moveit/install/moveit_msgs:/home/klay/ws_moveit/install/moveit_common:/home/klay/ws_moveit/install/kortex_driver:/home/klay/ws_moveit/install/kortex_api:/home/klay/workflow_test/install/panda_workflow_test:/home/klay/workflow_test/install/panda_moveit_config:/home/klay/robot_ws/install/six_dof_arm:/home/klay/ws_moveit/install/moveit_configs_utils:/opt/ros/iron:/home/klay/robot_ws/install/panda_moveit_config:/home/klay/robot_ws/install/gazebo_ros2_control /usr/bin/cmake --build /home/klay/robot_workspace/build/panda_data -- -j4 -l4
[2.703s] DEBUG:colcon.colcon_core.event_handler.log_command:Invoked command in '/home/klay/robot_workspace/build/panda_data' returned '0': CMAKE_PREFIX_PATH=/home/klay/robot_workspace/install/panda_data:/home/klay/robo_test/install/panda_robot:/home/klay/robo_test/install/gazebo_ros2_control:/home/klay/ws_moveit/install/robotiq_hardware_tests:/home/klay/ws_moveit/install/robotiq_driver:/home/klay/ws_moveit/install/serial:/home/klay/ws_moveit/install/moveit2_tutorials:/home/klay/ws_moveit/install/hello_moveit:/home/klay/ws_moveit/install/moveit_visual_tools:/home/klay/ws_moveit/install/rviz_visual_tools:/home/klay/ws_moveit/install/moveit_task_constructor_visualization:/home/klay/ws_moveit/install/moveit_task_constructor_demo:/home/klay/ws_moveit/install/moveit_task_constructor_capabilities:/home/klay/ws_moveit/install/moveit_task_constructor_core:/home/klay/ws_moveit/install/rviz_marker_tools:/home/klay/ws_moveit/install/kortex_bringup:/home/klay/ws_moveit/install/kinova_gen3_7dof_robotiq_2f_85_moveit_config:/home/klay/ws_moveit/install/kinova_gen3_6dof_robotiq_2f_85_moveit_config:/home/klay/ws_moveit/install/kortex_description:/home/klay/ws_moveit/install/robotiq_description:/home/klay/ws_moveit/install/robotiq_controllers:/home/klay/ws_moveit/install/pilz_industrial_motion_planner_testutils:/home/klay/ws_moveit/install/panda_moveit_config:/home/klay/ws_moveit/install/moveit_runtime:/home/klay/ws_moveit/install/moveit:/home/klay/ws_moveit/install/moveit_planners:/home/klay/ws_moveit/install/pilz_industrial_motion_planner:/home/klay/ws_moveit/install/pick_ik:/home/klay/ws_moveit/install/moveit_task_constructor_msgs:/home/klay/ws_moveit/install/moveit_ros_control_interface:/home/klay/ws_moveit/install/moveit_plugins:/home/klay/ws_moveit/install/moveit_simple_controller_manager:/home/klay/ws_moveit/install/moveit_setup_assistant:/home/klay/ws_moveit/install/moveit_setup_srdf_plugins:/home/klay/ws_moveit/install/moveit_setup_core_plugins:/home/klay/ws_moveit/install/moveit_setup_controllers:/home/klay/ws_moveit/install/moveit_setup_app_plugins:/home/klay/ws_moveit/install/moveit_setup_framework:/home/klay/ws_moveit/install/moveit_servo:/home/klay/ws_moveit/install/moveit_ros:/home/klay/ws_moveit/install/moveit_ros_visualization:/home/klay/ws_moveit/install/moveit_py:/home/klay/ws_moveit/install/moveit_hybrid_planning:/home/klay/ws_moveit/install/moveit_ros_planning_interface:/home/klay/ws_moveit/install/moveit_ros_benchmarks:/home/klay/ws_moveit/install/moveit_ros_warehouse:/home/klay/ws_moveit/install/moveit_ros_robot_interaction:/home/klay/ws_moveit/install/moveit_ros_perception:/home/klay/ws_moveit/install/moveit_resources_prbt_pg70_support:/home/klay/ws_moveit/install/moveit_resources_prbt_moveit_config:/home/klay/ws_moveit/install/moveit_ros_move_group:/home/klay/ws_moveit/install/moveit_planners_ompl:/home/klay/ws_moveit/install/moveit_kinematics:/home/klay/ws_moveit/install/moveit_ros_planning:/home/klay/ws_moveit/install/moveit_ros_occupancy_map_monitor:/home/klay/ws_moveit/install/moveit_resources_prbt_support:/home/klay/ws_moveit/install/moveit_resources_prbt_ikfast_manipulator_plugin:/home/klay/ws_moveit/install/moveit_resources:/home/klay/ws_moveit/install/moveit_resources_pr2_description:/home/klay/ws_moveit/install/moveit_resources_panda_moveit_config:/home/klay/ws_moveit/install/dual_arm_panda_moveit_config:/home/klay/ws_moveit/install/moveit_resources_panda_description:/home/klay/ws_moveit/install/moveit_resources_fanuc_moveit_config:/home/klay/ws_moveit/install/moveit_resources_fanuc_description:/home/klay/ws_moveit/install/moveit_planners_stomp:/home/klay/ws_moveit/install/moveit_planners_chomp:/home/klay/ws_moveit/install/chomp_motion_planner:/home/klay/ws_moveit/install/moveit_core:/home/klay/ws_moveit/install/moveit_msgs:/home/klay/ws_moveit/install/moveit_common:/home/klay/ws_moveit/install/kortex_driver:/home/klay/ws_moveit/install/kortex_api:/home/klay/workflow_test/install/panda_workflow_test:/home/klay/workflow_test/install/panda_moveit_config:/home/klay/robot_ws/install/six_dof_arm:/home/klay/ws_moveit/install/moveit_configs_utils:/opt/ros/iron:/home/klay/robot_ws/install/panda_moveit_config:/home/klay/robot_ws/install/gazebo_ros2_control /usr/bin/cmake --build /home/klay/robot_workspace/build/panda_data -- -j4 -l4
[2.766s] DEBUG:colcon.colcon_core.event_handler.log_command:Invoking command in '/home/klay/robot_workspace/build/panda_data': CMAKE_PREFIX_PATH=/home/klay/robot_workspace/install/panda_data:/home/klay/robo_test/install/panda_robot:/home/klay/robo_test/install/gazebo_ros2_control:/home/klay/ws_moveit/install/robotiq_hardware_tests:/home/klay/ws_moveit/install/robotiq_driver:/home/klay/ws_moveit/install/serial:/home/klay/ws_moveit/install/moveit2_tutorials:/home/klay/ws_moveit/install/hello_moveit:/home/klay/ws_moveit/install/moveit_visual_tools:/home/klay/ws_moveit/install/rviz_visual_tools:/home/klay/ws_moveit/install/moveit_task_constructor_visualization:/home/klay/ws_moveit/install/moveit_task_constructor_demo:/home/klay/ws_moveit/install/moveit_task_constructor_capabilities:/home/klay/ws_moveit/install/moveit_task_constructor_core:/home/klay/ws_moveit/install/rviz_marker_tools:/home/klay/ws_moveit/install/kortex_bringup:/home/klay/ws_moveit/install/kinova_gen3_7dof_robotiq_2f_85_moveit_config:/home/klay/ws_moveit/install/kinova_gen3_6dof_robotiq_2f_85_moveit_config:/home/klay/ws_moveit/install/kortex_description:/home/klay/ws_moveit/install/robotiq_description:/home/klay/ws_moveit/install/robotiq_controllers:/home/klay/ws_moveit/install/pilz_industrial_motion_planner_testutils:/home/klay/ws_moveit/install/panda_moveit_config:/home/klay/ws_moveit/install/moveit_runtime:/home/klay/ws_moveit/install/moveit:/home/klay/ws_moveit/install/moveit_planners:/home/klay/ws_moveit/install/pilz_industrial_motion_planner:/home/klay/ws_moveit/install/pick_ik:/home/klay/ws_moveit/install/moveit_task_constructor_msgs:/home/klay/ws_moveit/install/moveit_ros_control_interface:/home/klay/ws_moveit/install/moveit_plugins:/home/klay/ws_moveit/install/moveit_simple_controller_manager:/home/klay/ws_moveit/install/moveit_setup_assistant:/home/klay/ws_moveit/install/moveit_setup_srdf_plugins:/home/klay/ws_moveit/install/moveit_setup_core_plugins:/home/klay/ws_moveit/install/moveit_setup_controllers:/home/klay/ws_moveit/install/moveit_setup_app_plugins:/home/klay/ws_moveit/install/moveit_setup_framework:/home/klay/ws_moveit/install/moveit_servo:/home/klay/ws_moveit/install/moveit_ros:/home/klay/ws_moveit/install/moveit_ros_visualization:/home/klay/ws_moveit/install/moveit_py:/home/klay/ws_moveit/install/moveit_hybrid_planning:/home/klay/ws_moveit/install/moveit_ros_planning_interface:/home/klay/ws_moveit/install/moveit_ros_benchmarks:/home/klay/ws_moveit/install/moveit_ros_warehouse:/home/klay/ws_moveit/install/moveit_ros_robot_interaction:/home/klay/ws_moveit/install/moveit_ros_perception:/home/klay/ws_moveit/install/moveit_resources_prbt_pg70_support:/home/klay/ws_moveit/install/moveit_resources_prbt_moveit_config:/home/klay/ws_moveit/install/moveit_ros_move_group:/home/klay/ws_moveit/install/moveit_planners_ompl:/home/klay/ws_moveit/install/moveit_kinematics:/home/klay/ws_moveit/install/moveit_ros_planning:/home/klay/ws_moveit/install/moveit_ros_occupancy_map_monitor:/home/klay/ws_moveit/install/moveit_resources_prbt_support:/home/klay/ws_moveit/install/moveit_resources_prbt_ikfast_manipulator_plugin:/home/klay/ws_moveit/install/moveit_resources:/home/klay/ws_moveit/install/moveit_resources_pr2_description:/home/klay/ws_moveit/install/moveit_resources_panda_moveit_config:/home/klay/ws_moveit/install/dual_arm_panda_moveit_config:/home/klay/ws_moveit/install/moveit_resources_panda_description:/home/klay/ws_moveit/install/moveit_resources_fanuc_moveit_config:/home/klay/ws_moveit/install/moveit_resources_fanuc_description:/home/klay/ws_moveit/install/moveit_planners_stomp:/home/klay/ws_moveit/install/moveit_planners_chomp:/home/klay/ws_moveit/install/chomp_motion_planner:/home/klay/ws_moveit/install/moveit_core:/home/klay/ws_moveit/install/moveit_msgs:/home/klay/ws_moveit/install/moveit_common:/home/klay/ws_moveit/install/kortex_driver:/home/klay/ws_moveit/install/kortex_api:/home/klay/workflow_test/install/panda_workflow_test:/home/klay/workflow_test/install/panda_moveit_config:/home/klay/robot_ws/install/six_dof_arm:/home/klay/ws_moveit/install/moveit_configs_utils:/opt/ros/iron:/home/klay/robot_ws/install/panda_moveit_config:/home/klay/robot_ws/install/gazebo_ros2_control /usr/bin/cmake --install /home/klay/robot_workspace/build/panda_data
[2.785s] Level 1:colcon.colcon_core.environment:create_environment_scripts_only(panda_data)
[2.793s] DEBUG:colcon.colcon_core.event_handler.log_command:Invoked command in '/home/klay/robot_workspace/build/panda_data' returned '0': CMAKE_PREFIX_PATH=/home/klay/robot_workspace/install/panda_data:/home/klay/robo_test/install/panda_robot:/home/klay/robo_test/install/gazebo_ros2_control:/home/klay/ws_moveit/install/robotiq_hardware_tests:/home/klay/ws_moveit/install/robotiq_driver:/home/klay/ws_moveit/install/serial:/home/klay/ws_moveit/install/moveit2_tutorials:/home/klay/ws_moveit/install/hello_moveit:/home/klay/ws_moveit/install/moveit_visual_tools:/home/klay/ws_moveit/install/rviz_visual_tools:/home/klay/ws_moveit/install/moveit_task_constructor_visualization:/home/klay/ws_moveit/install/moveit_task_constructor_demo:/home/klay/ws_moveit/install/moveit_task_constructor_capabilities:/home/klay/ws_moveit/install/moveit_task_constructor_core:/home/klay/ws_moveit/install/rviz_marker_tools:/home/klay/ws_moveit/install/kortex_bringup:/home/klay/ws_moveit/install/kinova_gen3_7dof_robotiq_2f_85_moveit_config:/home/klay/ws_moveit/install/kinova_gen3_6dof_robotiq_2f_85_moveit_config:/home/klay/ws_moveit/install/kortex_description:/home/klay/ws_moveit/install/robotiq_description:/home/klay/ws_moveit/install/robotiq_controllers:/home/klay/ws_moveit/install/pilz_industrial_motion_planner_testutils:/home/klay/ws_moveit/install/panda_moveit_config:/home/klay/ws_moveit/install/moveit_runtime:/home/klay/ws_moveit/install/moveit:/home/klay/ws_moveit/install/moveit_planners:/home/klay/ws_moveit/install/pilz_industrial_motion_planner:/home/klay/ws_moveit/install/pick_ik:/home/klay/ws_moveit/install/moveit_task_constructor_msgs:/home/klay/ws_moveit/install/moveit_ros_control_interface:/home/klay/ws_moveit/install/moveit_plugins:/home/klay/ws_moveit/install/moveit_simple_controller_manager:/home/klay/ws_moveit/install/moveit_setup_assistant:/home/klay/ws_moveit/install/moveit_setup_srdf_plugins:/home/klay/ws_moveit/install/moveit_setup_core_plugins:/home/klay/ws_moveit/install/moveit_setup_controllers:/home/klay/ws_moveit/install/moveit_setup_app_plugins:/home/klay/ws_moveit/install/moveit_setup_framework:/home/klay/ws_moveit/install/moveit_servo:/home/klay/ws_moveit/install/moveit_ros:/home/klay/ws_moveit/install/moveit_ros_visualization:/home/klay/ws_moveit/install/moveit_py:/home/klay/ws_moveit/install/moveit_hybrid_planning:/home/klay/ws_moveit/install/moveit_ros_planning_interface:/home/klay/ws_moveit/install/moveit_ros_benchmarks:/home/klay/ws_moveit/install/moveit_ros_warehouse:/home/klay/ws_moveit/install/moveit_ros_robot_interaction:/home/klay/ws_moveit/install/moveit_ros_perception:/home/klay/ws_moveit/install/moveit_resources_prbt_pg70_support:/home/klay/ws_moveit/install/moveit_resources_prbt_moveit_config:/home/klay/ws_moveit/install/moveit_ros_move_group:/home/klay/ws_moveit/install/moveit_planners_ompl:/home/klay/ws_moveit/install/moveit_kinematics:/home/klay/ws_moveit/install/moveit_ros_planning:/home/klay/ws_moveit/install/moveit_ros_occupancy_map_monitor:/home/klay/ws_moveit/install/moveit_resources_prbt_support:/home/klay/ws_moveit/install/moveit_resources_prbt_ikfast_manipulator_plugin:/home/klay/ws_moveit/install/moveit_resources:/home/klay/ws_moveit/install/moveit_resources_pr2_description:/home/klay/ws_moveit/install/moveit_resources_panda_moveit_config:/home/klay/ws_moveit/install/dual_arm_panda_moveit_config:/home/klay/ws_moveit/install/moveit_resources_panda_description:/home/klay/ws_moveit/install/moveit_resources_fanuc_moveit_config:/home/klay/ws_moveit/install/moveit_resources_fanuc_description:/home/klay/ws_moveit/install/moveit_planners_stomp:/home/klay/ws_moveit/install/moveit_planners_chomp:/home/klay/ws_moveit/install/chomp_motion_planner:/home/klay/ws_moveit/install/moveit_core:/home/klay/ws_moveit/install/moveit_msgs:/home/klay/ws_moveit/install/moveit_common:/home/klay/ws_moveit/install/kortex_driver:/home/klay/ws_moveit/install/kortex_api:/home/klay/workflow_test/install/panda_workflow_test:/home/klay/workflow_test/install/panda_moveit_config:/home/klay/robot_ws/install/six_dof_arm:/home/klay/ws_moveit/install/moveit_configs_utils:/opt/ros/iron:/home/klay/robot_ws/install/panda_moveit_config:/home/klay/robot_ws/install/gazebo_ros2_control /usr/bin/cmake --install /home/klay/robot_workspace/build/panda_data
[2.815s] Level 1:colcon.colcon_core.environment:checking '/home/klay/robot_workspace/install/panda_data' for CMake module files
[2.815s] Level 1:colcon.colcon_core.environment:checking '/home/klay/robot_workspace/install/panda_data' for CMake config files
[2.816s] Level 1:colcon.colcon_core.shell:create_environment_hook('panda_data', 'cmake_prefix_path')
[2.834s] INFO:colcon.colcon_core.shell:Creating environment hook '/home/klay/robot_workspace/install/panda_data/share/panda_data/hook/cmake_prefix_path.ps1'
[2.835s] INFO:colcon.colcon_core.shell:Creating environment descriptor '/home/klay/robot_workspace/install/panda_data/share/panda_data/hook/cmake_prefix_path.dsv'
[2.836s] INFO:colcon.colcon_core.shell:Creating environment hook '/home/klay/robot_workspace/install/panda_data/share/panda_data/hook/cmake_prefix_path.sh'
[2.837s] Level 1:colcon.colcon_core.environment:checking '/home/klay/robot_workspace/install/panda_data/bin'
[2.837s] Level 1:colcon.colcon_core.environment:checking '/home/klay/robot_workspace/install/panda_data/lib/pkgconfig/panda_data.pc'
[2.837s] Level 1:colcon.colcon_core.environment:checking '/home/klay/robot_workspace/install/panda_data/lib/python3.10/site-packages'
[2.837s] Level 1:colcon.colcon_core.environment:checking '/home/klay/robot_workspace/install/panda_data/bin'
[2.855s] INFO:colcon.colcon_core.shell:Creating package script '/home/klay/robot_workspace/install/panda_data/share/panda_data/package.ps1'
[2.856s] INFO:colcon.colcon_core.shell:Creating package descriptor '/home/klay/robot_workspace/install/panda_data/share/panda_data/package.dsv'
[2.857s] INFO:colcon.colcon_core.shell:Creating package script '/home/klay/robot_workspace/install/panda_data/share/panda_data/package.sh'
[2.858s] INFO:colcon.colcon_core.shell:Creating package script '/home/klay/robot_workspace/install/panda_data/share/panda_data/package.bash'
[2.858s] INFO:colcon.colcon_core.shell:Creating package script '/home/klay/robot_workspace/install/panda_data/share/panda_data/package.zsh'
[2.859s] Level 1:colcon.colcon_core.environment:create_file_with_runtime_dependencies(/home/klay/robot_workspace/install/panda_data/share/colcon-core/packages/panda_data)
[2.925s] Level 1:colcon.colcon_core.environment:create_environment_scripts_only(panda_data)
[2.944s] Level 1:colcon.colcon_core.environment:checking '/home/klay/robot_workspace/install/panda_data' for CMake module files
[2.944s] Level 1:colcon.colcon_core.environment:checking '/home/klay/robot_workspace/install/panda_data' for CMake config files
[2.944s] Level 1:colcon.colcon_core.shell:create_environment_hook('panda_data', 'cmake_prefix_path')
[2.962s] INFO:colcon.colcon_core.shell:Creating environment hook '/home/klay/robot_workspace/install/panda_data/share/panda_data/hook/cmake_prefix_path.ps1'
[2.962s] INFO:colcon.colcon_core.shell:Creating environment descriptor '/home/klay/robot_workspace/install/panda_data/share/panda_data/hook/cmake_prefix_path.dsv'
[2.963s] INFO:colcon.colcon_core.shell:Creating environment hook '/home/klay/robot_workspace/install/panda_data/share/panda_data/hook/cmake_prefix_path.sh'
[2.963s] Level 1:colcon.colcon_core.environment:checking '/home/klay/robot_workspace/install/panda_data/bin'
[2.963s] Level 1:colcon.colcon_core.environment:checking '/home/klay/robot_workspace/install/panda_data/lib/pkgconfig/panda_data.pc'
[2.963s] Level 1:colcon.colcon_core.environment:checking '/home/klay/robot_workspace/install/panda_data/lib/python3.10/site-packages'
[2.964s] Level 1:colcon.colcon_core.environment:checking '/home/klay/robot_workspace/install/panda_data/bin'
[2.981s] INFO:colcon.colcon_core.shell:Creating package script '/home/klay/robot_workspace/install/panda_data/share/panda_data/package.ps1'
[2.982s] INFO:colcon.colcon_core.shell:Creating package descriptor '/home/klay/robot_workspace/install/panda_data/share/panda_data/package.dsv'
[2.982s] INFO:colcon.colcon_core.shell:Creating package script '/home/klay/robot_workspace/install/panda_data/share/panda_data/package.sh'
[2.983s] INFO:colcon.colcon_core.shell:Creating package script '/home/klay/robot_workspace/install/panda_data/share/panda_data/package.bash'
[2.983s] INFO:colcon.colcon_core.shell:Creating package script '/home/klay/robot_workspace/install/panda_data/share/panda_data/package.zsh'
[2.983s] Level 1:colcon.colcon_core.environment:create_file_with_runtime_dependencies(/home/klay/robot_workspace/install/panda_data/share/colcon-core/packages/panda_data)
[2.984s] DEBUG:colcon.colcon_parallel_executor.executor.parallel:closing loop
[2.984s] DEBUG:colcon.colcon_parallel_executor.executor.parallel:loop closed
[2.984s] DEBUG:colcon.colcon_parallel_executor.executor.parallel:run_until_complete finished with '0'
[2.985s] DEBUG:colcon.colcon_core.event_reactor:joining thread
[3.017s] INFO:colcon.colcon_core.plugin_system:Skipping extension 'colcon_notification.desktop_notification.terminal_notifier': Not used on non-Darwin systems
[3.017s] INFO:colcon.colcon_core.plugin_system:Skipping extension 'colcon_notification.desktop_notification.win32': Not used on non-Windows systems
[3.017s] INFO:colcon.colcon_notification.desktop_notification:Sending desktop notification using 'notify2'
[3.028s] DEBUG:colcon.colcon_core.event_reactor:joined thread
[3.048s] INFO:colcon.colcon_core.shell:Creating prefix script '/home/klay/robot_workspace/install/local_setup.ps1'
[3.049s] INFO:colcon.colcon_core.shell:Creating prefix util module '/home/klay/robot_workspace/install/_local_setup_util_ps1.py'
[3.051s] INFO:colcon.colcon_core.shell:Creating prefix chain script '/home/klay/robot_workspace/install/setup.ps1'
[3.077s] INFO:colcon.colcon_core.shell:Creating prefix script '/home/klay/robot_workspace/install/local_setup.sh'
[3.078s] INFO:colcon.colcon_core.shell:Creating prefix util module '/home/klay/robot_workspace/install/_local_setup_util_sh.py'
[3.078s] INFO:colcon.colcon_core.shell:Creating prefix chain script '/home/klay/robot_workspace/install/setup.sh'
[3.105s] INFO:colcon.colcon_core.shell:Creating prefix script '/home/klay/robot_workspace/install/local_setup.bash'
[3.105s] INFO:colcon.colcon_core.shell:Creating prefix chain script '/home/klay/robot_workspace/install/setup.bash'
[3.130s] INFO:colcon.colcon_core.shell:Creating prefix script '/home/klay/robot_workspace/install/local_setup.zsh'
[3.131s] INFO:colcon.colcon_core.shell:Creating prefix chain script '/home/klay/robot_workspace/install/setup.zsh'
