-- Install configuration: ""
-- Up-to-date: /home/klay/robot_workspace/install/panda_data/share/ament_index/resource_index/package_run_dependencies/panda_data
-- Up-to-date: /home/klay/robot_workspace/install/panda_data/share/ament_index/resource_index/parent_prefix_path/panda_data
-- Up-to-date: /home/klay/robot_workspace/install/panda_data/share/panda_data/environment/ament_prefix_path.sh
-- Up-to-date: /home/klay/robot_workspace/install/panda_data/share/panda_data/environment/ament_prefix_path.dsv
-- Up-to-date: /home/klay/robot_workspace/install/panda_data/share/panda_data/environment/path.sh
-- Up-to-date: /home/klay/robot_workspace/install/panda_data/share/panda_data/environment/path.dsv
-- Up-to-date: /home/klay/robot_workspace/install/panda_data/share/panda_data/local_setup.bash
-- Up-to-date: /home/klay/robot_workspace/install/panda_data/share/panda_data/local_setup.sh
-- Up-to-date: /home/klay/robot_workspace/install/panda_data/share/panda_data/local_setup.zsh
-- Up-to-date: /home/klay/robot_workspace/install/panda_data/share/panda_data/local_setup.dsv
-- Installing: /home/klay/robot_workspace/install/panda_data/share/panda_data/package.dsv
-- Up-to-date: /home/klay/robot_workspace/install/panda_data/share/ament_index/resource_index/packages/panda_data
-- Up-to-date: /home/klay/robot_workspace/install/panda_data/share/panda_data/cmake/panda_dataConfig.cmake
-- Up-to-date: /home/klay/robot_workspace/install/panda_data/share/panda_data/cmake/panda_dataConfig-version.cmake
-- Up-to-date: /home/klay/robot_workspace/install/panda_data/share/panda_data/package.xml
-- Up-to-date: /home/klay/robot_workspace/install/panda_data/share/panda_data/launch
-- Up-to-date: /home/klay/robot_workspace/install/panda_data/share/panda_data/launch/setup_assistant.launch.py
-- Up-to-date: /home/klay/robot_workspace/install/panda_data/share/panda_data/launch/moveit_rviz.launch.py
-- Up-to-date: /home/klay/robot_workspace/install/panda_data/share/panda_data/launch/move_group.launch.py
-- Up-to-date: /home/klay/robot_workspace/install/panda_data/share/panda_data/launch/rsp_sim.launch.py
-- Up-to-date: /home/klay/robot_workspace/install/panda_data/share/panda_data/launch/demo.launch.py
-- Up-to-date: /home/klay/robot_workspace/install/panda_data/share/panda_data/launch/spawn_controllers.launch.py
-- Up-to-date: /home/klay/robot_workspace/install/panda_data/share/panda_data/launch/rsp.launch.py
-- Up-to-date: /home/klay/robot_workspace/install/panda_data/share/panda_data/launch/static_virtual_joint_tfs.launch.py
-- Up-to-date: /home/klay/robot_workspace/install/panda_data/share/panda_data/launch/warehouse_db.launch.py
-- Up-to-date: /home/klay/robot_workspace/install/panda_data/share/panda_data/config
-- Up-to-date: /home/klay/robot_workspace/install/panda_data/share/panda_data/config/ros2_controllers.yaml
-- Up-to-date: /home/klay/robot_workspace/install/panda_data/share/panda_data/config/initial_positions.yaml
-- Installing: /home/klay/robot_workspace/install/panda_data/share/panda_data/config/panda.urdf.xacro
-- Up-to-date: /home/klay/robot_workspace/install/panda_data/share/panda_data/config/panda.srdf
-- Up-to-date: /home/klay/robot_workspace/install/panda_data/share/panda_data/config/pilz_cartesian_limits.yaml
-- Up-to-date: /home/klay/robot_workspace/install/panda_data/share/panda_data/config/moveit.rviz
-- Up-to-date: /home/klay/robot_workspace/install/panda_data/share/panda_data/config/panda.urdf
-- Up-to-date: /home/klay/robot_workspace/install/panda_data/share/panda_data/config/moveit_controllers.yaml
-- Up-to-date: /home/klay/robot_workspace/install/panda_data/share/panda_data/config/kinematics.yaml
-- Up-to-date: /home/klay/robot_workspace/install/panda_data/share/panda_data/config/joint_limits.yaml
-- Up-to-date: /home/klay/robot_workspace/install/panda_data/share/panda_data/config/panda.ros2_control.xacro
-- Up-to-date: /home/klay/robot_workspace/install/panda_data/share/panda_data/launch
-- Up-to-date: /home/klay/robot_workspace/install/panda_data/share/panda_data/launch/setup_assistant.launch.py
-- Up-to-date: /home/klay/robot_workspace/install/panda_data/share/panda_data/launch/moveit_rviz.launch.py
-- Up-to-date: /home/klay/robot_workspace/install/panda_data/share/panda_data/launch/move_group.launch.py
-- Up-to-date: /home/klay/robot_workspace/install/panda_data/share/panda_data/launch/rsp_sim.launch.py
-- Up-to-date: /home/klay/robot_workspace/install/panda_data/share/panda_data/launch/demo.launch.py
-- Up-to-date: /home/klay/robot_workspace/install/panda_data/share/panda_data/launch/spawn_controllers.launch.py
-- Up-to-date: /home/klay/robot_workspace/install/panda_data/share/panda_data/launch/rsp.launch.py
-- Up-to-date: /home/klay/robot_workspace/install/panda_data/share/panda_data/launch/static_virtual_joint_tfs.launch.py
-- Up-to-date: /home/klay/robot_workspace/install/panda_data/share/panda_data/launch/warehouse_db.launch.py
-- Up-to-date: /home/klay/robot_workspace/install/panda_data/share/panda_data/rviz
-- Up-to-date: /home/klay/robot_workspace/install/panda_data/share/panda_data/rviz/config.rviz
-- Up-to-date: /home/klay/robot_workspace/install/panda_data/share/panda_data/worlds
-- Up-to-date: /home/klay/robot_workspace/install/panda_data/share/panda_data/meshes
-- Up-to-date: /home/klay/robot_workspace/install/panda_data/share/panda_data/meshes/visual
-- Up-to-date: /home/klay/robot_workspace/install/panda_data/share/panda_data/meshes/visual/link2.dae
-- Up-to-date: /home/klay/robot_workspace/install/panda_data/share/panda_data/meshes/visual/link6.dae
-- Up-to-date: /home/klay/robot_workspace/install/panda_data/share/panda_data/meshes/visual/link4.dae
-- Up-to-date: /home/klay/robot_workspace/install/panda_data/share/panda_data/meshes/visual/link5.dae
-- Up-to-date: /home/klay/robot_workspace/install/panda_data/share/panda_data/meshes/visual/link1.dae
-- Up-to-date: /home/klay/robot_workspace/install/panda_data/share/panda_data/meshes/visual/link7.dae
-- Up-to-date: /home/klay/robot_workspace/install/panda_data/share/panda_data/meshes/visual/hand.dae
-- Up-to-date: /home/klay/robot_workspace/install/panda_data/share/panda_data/meshes/visual/link0.dae
-- Up-to-date: /home/klay/robot_workspace/install/panda_data/share/panda_data/meshes/visual/finger.dae
-- Up-to-date: /home/klay/robot_workspace/install/panda_data/share/panda_data/meshes/visual/link3.dae
-- Up-to-date: /home/klay/robot_workspace/install/panda_data/share/panda_data/meshes/collision
-- Up-to-date: /home/klay/robot_workspace/install/panda_data/share/panda_data/meshes/collision/link5.stl
-- Up-to-date: /home/klay/robot_workspace/install/panda_data/share/panda_data/meshes/collision/link2.stl
-- Up-to-date: /home/klay/robot_workspace/install/panda_data/share/panda_data/meshes/collision/link1.stl
-- Up-to-date: /home/klay/robot_workspace/install/panda_data/share/panda_data/meshes/collision/hand.stl
-- Up-to-date: /home/klay/robot_workspace/install/panda_data/share/panda_data/meshes/collision/link6.stl
-- Up-to-date: /home/klay/robot_workspace/install/panda_data/share/panda_data/meshes/collision/link0.stl
-- Up-to-date: /home/klay/robot_workspace/install/panda_data/share/panda_data/meshes/collision/link4.stl
-- Up-to-date: /home/klay/robot_workspace/install/panda_data/share/panda_data/meshes/collision/link7.stl
-- Up-to-date: /home/klay/robot_workspace/install/panda_data/share/panda_data/meshes/collision/finger.stl
-- Up-to-date: /home/klay/robot_workspace/install/panda_data/share/panda_data/meshes/collision/link3.stl
-- Up-to-date: /home/klay/robot_workspace/install/panda_data/share/panda_data/.setup_assistant
